2012-08-06T00:08:29+9:00 #INF# {METHOD:GET, PATH:/usr/ucb:/usr/local/bin:/usr/bin:/bin
2012-08-06T00:08:29+9:00 #DBG# <SCRIPT_NAME:/tabletappfun/admin_controller.pl>
2012-08-06T00:08:29+9:00 #DBG# <SERVER_NAME:www1a.biglobe.ne.jp>
2012-08-06T00:08:29+9:00 #DBG# <PERL5OPT:-mhpcgilimit>
2012-08-06T00:08:29+9:00 #DBG# <SERVER_ADMIN:webmaster@mesh.ad.jp>
2012-08-06T00:08:29+9:00 #DBG# <HTTP_ACCEPT_ENCODING:gzip,deflate,sdch>
2012-08-06T00:08:29+9:00 #DBG# <HTTP_X_FORWARDED_SERVER:133.205.68.193>
2012-08-06T00:08:29+9:00 #DBG# <REQUEST_METHOD:GET>
2012-08-06T00:08:29+9:00 #DBG# <HTTP_ACCEPT:text/html,application/xhtml+xml,application/xml;q=0.9,*/*;q=0.8>
2012-08-06T00:08:29+9:00 #DBG# <SCRIPT_FILENAME:/public_html/admin_controller.pl>
2012-08-06T00:08:29+9:00 #DBG# <SERVER_SOFTWARE:httpd>
2012-08-06T00:08:29+9:00 #DBG# <HTTP_ACCEPT_CHARSET:Shift_JIS,utf-8;q=0.7,*;q=0.3>
2012-08-06T00:08:29+9:00 #DBG# <HTTP_MAX_FORWARDS:10>
2012-08-06T00:08:29+9:00 #DBG# <TZ:Japan>
2012-08-06T00:08:29+9:00 #DBG# <QUERY_STRING:name=kaz>
2012-08-06T00:08:29+9:00 #DBG# <REMOTE_PORT:46619>
2012-08-06T00:08:29+9:00 #DBG# <HTTP_USER_AGENT:Mozilla/5.0 (Macintosh; Intel Mac OS X 10_8_0) AppleWebKit/537.1 (KHTML, like Gecko) Chrome/21.0.1180.57 Safari/537.1>
2012-08-06T00:08:29+9:00 #DBG# <SERVER_PORT:80>
2012-08-06T00:08:29+9:00 #DBG# <REDIRECT_STATUS:>
2012-08-06T00:08:29+9:00 #DBG# <HTTP_CACHE_CONTROL:max-age=0>
2012-08-06T00:08:29+9:00 #DBG# <HTTP_ACCEPT_LANGUAGE:ja,en-US;q=0.8,en;q=0.6>
2012-08-06T00:08:29+9:00 #DBG# <HTTP_COOKIE:__utma=175822887.859437946.1338932408.1344142803.1344159658.24; __utmc=175822887; __utmz=175822887.1338932408.1.1.utmcsr=(direct)|utmccn=(direct)|utmcmd=(none)>
2012-08-06T00:08:29+9:00 #DBG# <REMOTE_ADDR:133.205.68.178>
2012-08-06T00:08:29+9:00 #DBG# <SERVER_PROTOCOL:HTTP/1.1>
2012-08-06T00:08:29+9:00 #DBG# <HTTP_X_FORWARDED_HOST:tabletappfun.jp>
2012-08-06T00:08:29+9:00 #DBG# <HTTP_X_FORWARDED_FOR:125.54.28.108>
2012-08-06T00:08:29+9:00 #DBG# <PATH:/usr/ucb:/usr/local/bin:/usr/bin:/bin>
2012-08-06T00:08:29+9:00 #DBG# <REQUEST_URI:/tabletappfun/admin_controller.pl?name=kaz>
2012-08-06T00:08:29+9:00 #DBG# <GATEWAY_INTERFACE:CGI/1.1>
2012-08-06T00:08:29+9:00 #DBG# <DOCUMENT_ROOT:/home/htdocs>
2012-08-06T00:08:29+9:00 #DBG# <HTTP_HOST:www1a.biglobe.ne.jp>
2012-08-06T00:08:29+9:00 #INF# 0
2012-08-06T00:08:29+9:00 #DBG# name: kaz
2012-08-06T00:15:12+9:00 #INF# {METHOD:GET, PATH_INFO:
2012-08-06T00:15:12+9:00 #DBG# <SCRIPT_NAME:/tabletappfun/admin_controller.pl>
2012-08-06T00:15:12+9:00 #DBG# <SERVER_NAME:www1a.biglobe.ne.jp>
2012-08-06T00:15:12+9:00 #DBG# <PERL5OPT:-mhpcgilimit>
2012-08-06T00:15:12+9:00 #DBG# <SERVER_ADMIN:webmaster@mesh.ad.jp>
2012-08-06T00:15:12+9:00 #DBG# <HTTP_ACCEPT_ENCODING:gzip,deflate,sdch>
2012-08-06T00:15:12+9:00 #DBG# <HTTP_X_FORWARDED_SERVER:133.205.68.193>
2012-08-06T00:15:12+9:00 #DBG# <REQUEST_METHOD:GET>
2012-08-06T00:15:12+9:00 #DBG# <HTTP_ACCEPT:text/html,application/xhtml+xml,application/xml;q=0.9,*/*;q=0.8>
2012-08-06T00:15:12+9:00 #DBG# <SCRIPT_FILENAME:/public_html/admin_controller.pl>
2012-08-06T00:15:12+9:00 #DBG# <SERVER_SOFTWARE:httpd>
2012-08-06T00:15:12+9:00 #DBG# <HTTP_ACCEPT_CHARSET:Shift_JIS,utf-8;q=0.7,*;q=0.3>
2012-08-06T00:15:12+9:00 #DBG# <HTTP_MAX_FORWARDS:10>
2012-08-06T00:15:12+9:00 #DBG# <TZ:Japan>
2012-08-06T00:15:12+9:00 #DBG# <QUERY_STRING:name=kaz>
2012-08-06T00:15:12+9:00 #DBG# <REMOTE_PORT:53520>
2012-08-06T00:15:12+9:00 #DBG# <HTTP_USER_AGENT:Mozilla/5.0 (Macintosh; Intel Mac OS X 10_8_0) AppleWebKit/537.1 (KHTML, like Gecko) Chrome/21.0.1180.57 Safari/537.1>
2012-08-06T00:15:12+9:00 #DBG# <SERVER_PORT:80>
2012-08-06T00:15:12+9:00 #DBG# <REDIRECT_STATUS:>
2012-08-06T00:15:12+9:00 #DBG# <HTTP_ACCEPT_LANGUAGE:ja,en-US;q=0.8,en;q=0.6>
2012-08-06T00:15:12+9:00 #DBG# <HTTP_COOKIE:__utma=175822887.859437946.1338932408.1344142803.1344159658.24; __utmc=175822887; __utmz=175822887.1338932408.1.1.utmcsr=(direct)|utmccn=(direct)|utmcmd=(none)>
2012-08-06T00:15:12+9:00 #DBG# <REMOTE_ADDR:133.205.68.177>
2012-08-06T00:15:12+9:00 #DBG# <SERVER_PROTOCOL:HTTP/1.1>
2012-08-06T00:15:12+9:00 #DBG# <HTTP_X_FORWARDED_HOST:tabletappfun.jp>
2012-08-06T00:15:12+9:00 #DBG# <HTTP_X_FORWARDED_FOR:125.54.28.108>
2012-08-06T00:15:12+9:00 #DBG# <PATH:/usr/ucb:/usr/local/bin:/usr/bin:/bin>
2012-08-06T00:15:12+9:00 #DBG# <REQUEST_URI:/tabletappfun/admin_controller.pl?name=kaz>
2012-08-06T00:15:12+9:00 #DBG# <GATEWAY_INTERFACE:CGI/1.1>
2012-08-06T00:15:12+9:00 #DBG# <DOCUMENT_ROOT:/home/htdocs>
2012-08-06T00:15:12+9:00 #DBG# <HTTP_HOST:www1a.biglobe.ne.jp>
2012-08-06T00:15:12+9:00 #INF# { name:kaz}
2012-08-06T00:15:12+9:00 #DBG# name: kaz
2012-08-06T00:24:21+9:00 #INF# {METHOD:GET, PATH_INFO:}
2012-08-06T00:24:21+9:00 #DBG# <SCRIPT_NAME:/tabletappfun/admin_controller.pl>
2012-08-06T00:24:21+9:00 #DBG# <SERVER_NAME:www1a.biglobe.ne.jp>
2012-08-06T00:24:21+9:00 #DBG# <PERL5OPT:-mhpcgilimit>
2012-08-06T00:24:21+9:00 #DBG# <SERVER_ADMIN:webmaster@mesh.ad.jp>
2012-08-06T00:24:21+9:00 #DBG# <HTTP_ACCEPT_ENCODING:gzip,deflate,sdch>
2012-08-06T00:24:21+9:00 #DBG# <HTTP_X_FORWARDED_SERVER:133.205.68.193>
2012-08-06T00:24:21+9:00 #DBG# <REQUEST_METHOD:GET>
2012-08-06T00:24:21+9:00 #DBG# <HTTP_ACCEPT:text/html,application/xhtml+xml,application/xml;q=0.9,*/*;q=0.8>
2012-08-06T00:24:21+9:00 #DBG# <SCRIPT_FILENAME:/public_html/admin_controller.pl>
2012-08-06T00:24:21+9:00 #DBG# <SERVER_SOFTWARE:httpd>
2012-08-06T00:24:21+9:00 #DBG# <HTTP_ACCEPT_CHARSET:Shift_JIS,utf-8;q=0.7,*;q=0.3>
2012-08-06T00:24:21+9:00 #DBG# <HTTP_MAX_FORWARDS:10>
2012-08-06T00:24:21+9:00 #DBG# <TZ:Japan>
2012-08-06T00:24:21+9:00 #DBG# <QUERY_STRING:name=kaz>
2012-08-06T00:24:21+9:00 #DBG# <REMOTE_PORT:36343>
2012-08-06T00:24:21+9:00 #DBG# <HTTP_USER_AGENT:Mozilla/5.0 (Macintosh; Intel Mac OS X 10_8_0) AppleWebKit/537.1 (KHTML, like Gecko) Chrome/21.0.1180.57 Safari/537.1>
2012-08-06T00:24:21+9:00 #DBG# <SERVER_PORT:80>
2012-08-06T00:24:21+9:00 #DBG# <REDIRECT_STATUS:>
2012-08-06T00:24:21+9:00 #DBG# <HTTP_CACHE_CONTROL:max-age=0>
2012-08-06T00:24:21+9:00 #DBG# <HTTP_ACCEPT_LANGUAGE:ja,en-US;q=0.8,en;q=0.6>
2012-08-06T00:24:21+9:00 #DBG# <HTTP_COOKIE:__utma=175822887.859437946.1338932408.1344142803.1344159658.24; __utmc=175822887; __utmz=175822887.1338932408.1.1.utmcsr=(direct)|utmccn=(direct)|utmcmd=(none)>
2012-08-06T00:24:21+9:00 #DBG# <REMOTE_ADDR:133.205.68.178>
2012-08-06T00:24:21+9:00 #DBG# <SERVER_PROTOCOL:HTTP/1.1>
2012-08-06T00:24:21+9:00 #DBG# <HTTP_X_FORWARDED_HOST:tabletappfun.jp>
2012-08-06T00:24:21+9:00 #DBG# <HTTP_X_FORWARDED_FOR:125.54.28.108>
2012-08-06T00:24:21+9:00 #DBG# <PATH:/usr/ucb:/usr/local/bin:/usr/bin:/bin>
2012-08-06T00:24:21+9:00 #DBG# <REQUEST_URI:/tabletappfun/admin_controller.pl?name=kaz>
2012-08-06T00:24:21+9:00 #DBG# <GATEWAY_INTERFACE:CGI/1.1>
2012-08-06T00:24:21+9:00 #DBG# <DOCUMENT_ROOT:/home/htdocs>
2012-08-06T00:24:21+9:00 #DBG# <HTTP_HOST:www1a.biglobe.ne.jp>
2012-08-06T00:24:21+9:00 #INF# {PARAMS => name:kaz}
2012-08-06T00:24:21+9:00 #DBG# name: kaz
2012-08-06T00:26:43+9:00 #INF# {METHOD:GET, PATH_INFO:}
2012-08-06T00:26:43+9:00 #INF# {PARAMS => name:kaz}
